<?xml version="1.0" encoding="UTF-8"?>
<robot generator="Robot 6.0.1 (Python 3.11.1 on win32)" generated="20230120 16:57:56.403" rpa="false" schemaversion="3">
<suite id="s1" name="Builder" source="C:\development\robot-scripts\Builder\Tests\Builder.robot">
<test id="s1-t1" name="User should be able to &quot;SignUp&quot; to the web site using valis credentials" line="49">
<kw name="Begin web test" library="Common" type="SETUP">
<kw name="Set Selenium Speed" library="SeleniumLibrary">
<arg>0.2s</arg>
<doc>Sets the delay that is waited after each Selenium command.</doc>
<status status="PASS" starttime="20230120 16:57:56.564" endtime="20230120 16:57:56.564"/>
</kw>
<kw name="Set Selenium Timeout" library="SeleniumLibrary">
<arg>10s</arg>
<doc>Sets the timeout that is used by various keywords.</doc>
<status status="PASS" starttime="20230120 16:57:56.564" endtime="20230120 16:57:56.564"/>
</kw>
<kw name="Open Browser" library="SeleniumLibrary">
<arg>about:blank</arg>
<arg>${BROWSER}</arg>
<doc>Opens a new browser instance to the optional ``url``.</doc>
<msg timestamp="20230120 16:57:56.565" level="INFO">Opening browser 'chrome' to base url 'about:blank'.</msg>
<status status="PASS" starttime="20230120 16:57:56.564" endtime="20230120 16:57:57.762"/>
</kw>
<kw name="Maximize Browser Window" library="SeleniumLibrary">
<doc>Maximizes current browser window.</doc>
<status status="PASS" starttime="20230120 16:57:57.762" endtime="20230120 16:57:58.073"/>
</kw>
<kw name="Go To" library="SeleniumLibrary">
<arg>${BASE_URL}</arg>
<doc>Navigates the current browser window to the provided ``url``.</doc>
<msg timestamp="20230120 16:57:58.073" level="INFO">Opening url 'https://studio.builder.ai/home'</msg>
<status status="PASS" starttime="20230120 16:57:58.073" endtime="20230120 16:58:06.447"/>
</kw>
<status status="PASS" starttime="20230120 16:57:56.564" endtime="20230120 16:58:06.447"/>
</kw>
<kw name="Complete &quot;SignUp&quot; to the web site" library="BuilderRe">
<arg>${VALID_USER_SIGNUP_CREDENTIALS}</arg>
<kw name="Skip &quot;INTRO&quot;" library="PreHomePage">
<kw name="Click Element" library="SeleniumLibrary">
<arg>${CLICK_CHOOSE_A_BASE_BUTTON}</arg>
<doc>Click the element identified by ``locator``.</doc>
<msg timestamp="20230120 16:58:06.448" level="INFO">Clicking element 'xpath=//*[@id="main"]/welcome-to-studio/div/div[2]/div[2]/button'.</msg>
<status status="PASS" starttime="20230120 16:58:06.448" endtime="20230120 16:58:06.928"/>
</kw>
<kw name="Click Element" library="SeleniumLibrary">
<arg>${CLOSE_ASSISTANT}</arg>
<doc>Click the element identified by ``locator``.</doc>
<msg timestamp="20230120 16:58:06.928" level="INFO">Clicking element 'xpath=//div[@class="closeButton"]'.</msg>
<status status="PASS" starttime="20230120 16:58:06.928" endtime="20230120 16:58:07.388"/>
</kw>
<kw name="Click Element" library="SeleniumLibrary">
<arg>${CLOSE_ASSISTANT_ON_HOME_PAGE}</arg>
<doc>Click the element identified by ``locator``.</doc>
<msg timestamp="20230120 16:58:07.389" level="INFO">Clicking element 'xpath=//*[@id="main"]/div[2]'.</msg>
<status status="PASS" starttime="20230120 16:58:07.388" endtime="20230120 16:58:07.839"/>
</kw>
<status status="PASS" starttime="20230120 16:58:06.448" endtime="20230120 16:58:07.839"/>
</kw>
<kw name="Get to &quot;SignUp&quot; window" library="TopNav">
<kw name="Click Element" library="SeleniumLibrary">
<arg>${TOPNAV_SIGNIN_BUTTON}</arg>
<doc>Click the element identified by ``locator``.</doc>
<msg timestamp="20230120 16:58:07.840" level="INFO">Clicking element 'xpath=//*[@id="header"]/div/div/div[4]/ul/li/button'.</msg>
<status status="PASS" starttime="20230120 16:58:07.839" endtime="20230120 16:58:08.379"/>
</kw>
<kw name="Wait Until Page Contains" library="SeleniumLibrary">
<arg>${TOPNAV_SIGNIN_HEADER}</arg>
<doc>Waits until ``text`` appears on the current page.</doc>
<status status="PASS" starttime="20230120 16:58:08.379" endtime="20230120 16:58:08.597"/>
</kw>
<kw name="Click Element" library="SeleniumLibrary">
<arg>${TOPNAV_SIGNUP_BUTTON}</arg>
<doc>Click the element identified by ``locator``.</doc>
<msg timestamp="20230120 16:58:08.597" level="INFO">Clicking element 'xpath=//*[@id="app-component"]/div[2]/login/div/div[2]/div[3]/form/div[4]/div[2]/span'.</msg>
<status status="PASS" starttime="20230120 16:58:08.597" endtime="20230120 16:58:09.118"/>
</kw>
<kw name="Wait Until Page Contains" library="SeleniumLibrary">
<arg>${TOPNAV_SIGNUP_HEADER}</arg>
<doc>Waits until ``text`` appears on the current page.</doc>
<status status="PASS" starttime="20230120 16:58:09.118" endtime="20230120 16:58:09.338"/>
</kw>
<status status="PASS" starttime="20230120 16:58:07.839" endtime="20230120 16:58:09.338"/>
</kw>
<kw name="Check if the &quot;SignUp&quot; feature works" library="SignUp">
<arg>${user_info}</arg>
<kw name="Fill Email field" library="SignUp">
<arg>${user_info.Email}</arg>
<kw name="Input Text" library="SeleniumLibrary">
<arg>${SIGNUP_EMAIL_FIELD}</arg>
<arg>${user_info.Email}</arg>
<doc>Types the given ``text`` into the text field identified by ``locator``.</doc>
<msg timestamp="20230120 16:58:09.339" level="INFO">Typing text 'John123@example.com' into text field 'xpath=//*[@id="loginEmailInput"]'.</msg>
<status status="PASS" starttime="20230120 16:58:09.339" endtime="20230120 16:58:10.076"/>
</kw>
<status status="PASS" starttime="20230120 16:58:09.338" endtime="20230120 16:58:10.076"/>
</kw>
<kw name="Fill Name field" library="SignUp">
<arg>${user_info.Name}</arg>
<kw name="Input Text" library="SeleniumLibrary">
<arg>${SIGNUP_NAME_FIELD}</arg>
<arg>${user_info.Name}</arg>
<doc>Types the given ``text`` into the text field identified by ``locator``.</doc>
<msg timestamp="20230120 16:58:10.078" level="INFO">Typing text 'John' into text field 'xpath=//*[@id="app-component"]/div[2]/login/div/div[2]/div[3]/form/ul/li[2]/input'.</msg>
<status status="PASS" starttime="20230120 16:58:10.078" endtime="20230120 16:58:10.776"/>
</kw>
<status status="PASS" starttime="20230120 16:58:10.076" endtime="20230120 16:58:10.776"/>
</kw>
<kw name="Fill PhoneNumber field" library="SignUp">
<arg>${user_info.PhoneNumber}</arg>
<kw name="Click Element" library="SeleniumLibrary">
<arg>${SIGNUP_PHONE_FIELD}</arg>
<doc>Click the element identified by ``locator``.</doc>
<msg timestamp="20230120 16:58:10.778" level="INFO">Clicking element 'xpath=//*[@id="app-component"]/div[2]/login/div/div[2]/div[3]/form/ul/li[3]/app-phone-number/div[1]/input[1]'.</msg>
<status status="PASS" starttime="20230120 16:58:10.778" endtime="20230120 16:58:11.243"/>
</kw>
<kw name="Input Text" library="SeleniumLibrary">
<arg>${SIGNUP_PHONE_FIELD}</arg>
<arg>${user_info.PhoneNumber}</arg>
<doc>Types the given ``text`` into the text field identified by ``locator``.</doc>
<msg timestamp="20230120 16:58:11.243" level="INFO">Typing text '953855044' into text field 'xpath=//*[@id="app-component"]/div[2]/login/div/div[2]/div[3]/form/ul/li[3]/app-phone-number/div[1]/input[1]'.</msg>
<status status="PASS" starttime="20230120 16:58:11.243" endtime="20230120 16:58:11.965"/>
</kw>
<status status="PASS" starttime="20230120 16:58:10.776" endtime="20230120 16:58:11.965"/>
</kw>
<kw name="Click Element" library="SeleniumLibrary">
<arg>${SIGNUP_CLICK_CURRENCY_MENU}</arg>
<doc>Click the element identified by ``locator``.</doc>
<msg timestamp="20230120 16:58:11.965" level="INFO">Clicking element 'xpath=//*[@id="app-component"]/div[2]/login/div/div[2]/div[3]/form/ul/li[4]/div[1]/div[1]'.</msg>
<status status="PASS" starttime="20230120 16:58:11.965" endtime="20230120 16:58:12.414"/>
</kw>
<kw name="Click Element" library="SeleniumLibrary">
<arg>${SIGNUP_CLICK_EURO_OPTION}</arg>
<doc>Click the element identified by ``locator``.</doc>
<msg timestamp="20230120 16:58:12.414" level="INFO">Clicking element 'xpath=//*[@id="app-component"]/div[2]/login/div/div[2]/div[3]/form/ul/li[4]/div[1]/div[2]/ol/li[1]'.</msg>
<status status="PASS" starttime="20230120 16:58:12.414" endtime="20230120 16:58:12.874"/>
</kw>
<kw name="Fill Password field" library="SignUp">
<arg>${user_info.Password}</arg>
<kw name="Input Text" library="SeleniumLibrary">
<arg>${SIGNUP_PASSWORD_FIELD}</arg>
<arg>${user_info.Password}</arg>
<doc>Types the given ``text`` into the text field identified by ``locator``.</doc>
<msg timestamp="20230120 16:58:12.876" level="INFO">Typing text 'test12345' into text field 'xpath=//*[@id="app-component"]/div[2]/login/div/div[2]/div[3]/form/ul/li[5]/div[1]/input'.</msg>
<status status="PASS" starttime="20230120 16:58:12.875" endtime="20230120 16:58:13.715"/>
</kw>
<status status="PASS" starttime="20230120 16:58:12.874" endtime="20230120 16:58:13.715"/>
</kw>
<kw name="Click Element" library="SeleniumLibrary">
<arg>${SIGNUP_CLICK_AGREEMENT_CHECK_BOX}</arg>
<doc>Click the element identified by ``locator``.</doc>
<msg timestamp="20230120 16:58:13.716" level="INFO">Clicking element 'xpath=//*[@id="app-component"]/div[2]/login/div/div[2]/div[3]/form/ul/li[6]/label'.</msg>
<status status="PASS" starttime="20230120 16:58:13.715" endtime="20230120 16:58:14.197"/>
</kw>
<status status="PASS" starttime="20230120 16:58:09.338" endtime="20230120 16:58:14.197"/>
</kw>
<status status="PASS" starttime="20230120 16:58:06.447" endtime="20230120 16:58:14.197"/>
</kw>
<kw name="End web test" library="Common" type="TEARDOWN">
<kw name="Close All Browsers" library="SeleniumLibrary">
<doc>Closes all open browsers and resets the browser cache.</doc>
<status status="PASS" starttime="20230120 16:58:14.198" endtime="20230120 16:58:16.451"/>
</kw>
<status status="PASS" starttime="20230120 16:58:14.197" endtime="20230120 16:58:16.451"/>
</kw>
<doc>User should be able to sign up to the web site providing valid sign in info.</doc>
<tag>1008</tag>
<tag>Functional</tag>
<tag>SignUp</tag>
<status status="PASS" starttime="20230120 16:57:56.563" endtime="20230120 16:58:16.452"/>
</test>
<doc>This is a Solo project for Automatization testing the BuilderAI site.</doc>
<status status="PASS" starttime="20230120 16:57:56.404" endtime="20230120 16:58:16.452"/>
</suite>
<statistics>
<total>
<stat pass="1" fail="0" skip="0">All Tests</stat>
</total>
<tag>
<stat pass="1" fail="0" skip="0">1008</stat>
<stat pass="1" fail="0" skip="0">Functional</stat>
<stat pass="1" fail="0" skip="0">SignUp</stat>
</tag>
<suite>
<stat pass="1" fail="0" skip="0" id="s1" name="Builder">Builder</stat>
</suite>
</statistics>
<errors>
</errors>
</robot>
